<?xml version="1.0" encoding="UTF-8"?>
<!-- Generated by org.testng.reporters.JUnitReportReporter -->
<testsuite hostname="VG" failures="0" tests="1" name="SeleniumBasics.DragAndDrop" time="0.327" errors="0" timestamp="2024-01-18T18:38:54 IST" skipped="0">
  <testcase classname="SeleniumBasics.DragAndDrop" name="test" time="0.327"/>
  <system-out/>
</testsuite> <!-- SeleniumBasics.DragAndDrop -->
