<?xml version="1.0" encoding="UTF-8"?>
<!-- Generated by org.testng.reporters.JUnitReportReporter -->
<testsuite hostname="VG" failures="0" tests="1" name="SeleniumBasics.Table_fetch" time="1.256" errors="0" timestamp="2024-01-19T21:58:07 IST" skipped="0">
  <testcase classname="SeleniumBasics.Table_fetch" name="test" time="1.256"/>
  <system-out/>
</testsuite> <!-- SeleniumBasics.Table_fetch -->
