<?xml version="1.0" encoding="UTF-8"?>
<!-- Generated by org.testng.reporters.JUnitReportReporter -->
<testsuite hostname="VG" failures="0" tests="1" name="SeleniumBasics.Parameterise_using_Excel" time="13.546" errors="0" timestamp="2024-01-19T17:31:27 IST" skipped="0">
  <testcase classname="SeleniumBasics.Parameterise_using_Excel" name="test" time="13.546"/>
  <system-out/>
</testsuite> <!-- SeleniumBasics.Parameterise_using_Excel -->
