<?xml version="1.0" encoding="UTF-8"?>
<!-- Generated by org.testng.reporters.JUnitReportReporter -->
<testsuite hostname="VG" failures="0" tests="1" name="SeleniumBasics.Excel_data2" time="0.856" errors="0" timestamp="2024-01-18T19:51:04 IST" skipped="0">
  <testcase classname="SeleniumBasics.Excel_data2" name="test" time="0.856"/>
  <system-out/>
</testsuite> <!-- SeleniumBasics.Excel_data2 -->
