<?xml version="1.0" encoding="UTF-8"?>
<!-- Generated by org.testng.reporters.JUnitReportReporter -->
<testsuite hostname="VG" failures="0" tests="1" name="SeleniumBasics.Screenshot" time="0.095" errors="0" timestamp="2024-01-19T18:23:08 IST" skipped="0">
  <testcase classname="SeleniumBasics.Screenshot" name="test" time="0.095"/>
  <system-out/>
</testsuite> <!-- SeleniumBasics.Screenshot -->
