<?xml version="1.0" encoding="UTF-8"?>
<!-- Generated by org.testng.reporters.JUnitReportReporter -->
<testsuite hostname="VG" failures="0" tests="1" name="SeleniumBasics.Try_catch" time="0.109" errors="0" timestamp="2024-01-19T22:12:53 IST" skipped="0">
  <testcase classname="SeleniumBasics.Try_catch" name="test" time="0.109"/>
  <system-out/>
</testsuite> <!-- SeleniumBasics.Try_catch -->
