<?xml version="1.0" encoding="UTF-8"?>
<!-- Generated by org.testng.reporters.JUnitReportReporter -->
<testsuite hostname="VG" failures="0" tests="1" name="SeleniumBasics.MultipleTab" time="0.367" errors="0" timestamp="2024-01-19T16:37:57 IST" skipped="0">
  <testcase classname="SeleniumBasics.MultipleTab" name="test" time="0.367"/>
  <system-out/>
</testsuite> <!-- SeleniumBasics.MultipleTab -->
