<?xml version="1.0" encoding="UTF-8"?>
<!-- Generated by org.testng.reporters.JUnitReportReporter -->
<testsuite hostname="VG" failures="0" tests="1" name="SeleniumBasics.KeyCombination" time="0.181" errors="0" timestamp="2024-01-19T14:59:47 IST" skipped="0">
  <testcase classname="SeleniumBasics.KeyCombination" name="test" time="0.181"/>
  <system-out/>
</testsuite> <!-- SeleniumBasics.KeyCombination -->
