<?xml version="1.0" encoding="UTF-8"?>
<!-- Generated by org.testng.reporters.JUnitReportReporter -->
<testsuite hostname="VG" failures="0" tests="1" name="SeleniumBasics.Explicit_Wait_DynamicElement" time="4.272" errors="0" timestamp="2024-01-19T13:54:29 IST" skipped="0">
  <testcase classname="SeleniumBasics.Explicit_Wait_DynamicElement" name="test" time="4.272"/>
  <system-out/>
</testsuite> <!-- SeleniumBasics.Explicit_Wait_DynamicElement -->
