<?xml version="1.0" encoding="UTF-8"?>
<!-- Generated by org.testng.reporters.JUnitReportReporter -->
<testsuite hostname="VG" failures="0" tests="1" name="SeleniumBasics.DropDown" time="5.176" errors="0" timestamp="2024-01-18T18:48:57 IST" skipped="0">
  <testcase classname="SeleniumBasics.DropDown" name="test" time="5.176"/>
  <system-out/>
</testsuite> <!-- SeleniumBasics.DropDown -->
