<?xml version="1.0" encoding="UTF-8"?>
<!-- Generated by org.testng.reporters.JUnitReportReporter -->
<testsuite hostname="VG" failures="0" tests="1" name="SeleniumBasics.checkbox" time="0.125" errors="0" timestamp="2024-01-18T22:24:18 IST" skipped="0">
  <testcase classname="SeleniumBasics.checkbox" name="test" time="0.125"/>
  <system-out/>
</testsuite> <!-- SeleniumBasics.checkbox -->
