<?xml version="1.0" encoding="UTF-8"?>
<!-- Generated by org.testng.reporters.JUnitReportReporter -->
<testsuite hostname="VG" failures="0" tests="1" name="SeleniumBasics.Alert_And_Popup" time="3.161" errors="0" timestamp="2024-01-18T12:12:03 IST" skipped="0">
  <testcase classname="SeleniumBasics.Alert_And_Popup" name="test" time="3.161"/>
  <system-out/>
</testsuite> <!-- SeleniumBasics.Alert_And_Popup -->
