<?xml version="1.0" encoding="UTF-8"?>
<!-- Generated by org.testng.reporters.JUnitReportReporter -->
<testsuite hostname="VG" failures="0" tests="1" name="SeleniumBasics.Frame" time="3.134" errors="0" timestamp="2024-01-19T14:23:25 IST" skipped="0">
  <testcase classname="SeleniumBasics.Frame" name="test" time="3.134"/>
  <system-out/>
</testsuite> <!-- SeleniumBasics.Frame -->
