<?xml version="1.0" encoding="UTF-8"?>
<!-- Generated by org.testng.reporters.JUnitReportReporter -->
<testsuite hostname="VG" failures="0" tests="1" name="SeleniumBasics.KeyboardAction" time="6.052" errors="0" timestamp="2024-01-19T14:36:31 IST" skipped="0">
  <testcase classname="SeleniumBasics.KeyboardAction" name="test" time="6.052"/>
  <system-out/>
</testsuite> <!-- SeleniumBasics.KeyboardAction -->
