<?xml version="1.0" encoding="UTF-8"?>
<!-- Generated by org.testng.reporters.JUnitReportReporter -->
<testsuite hostname="VG" failures="0" tests="1" name="SeleniumBasics.MouseAction" time="7.748" errors="0" timestamp="2024-01-19T15:53:48 IST" skipped="0">
  <testcase classname="SeleniumBasics.MouseAction" name="test" time="7.748"/>
  <system-out/>
</testsuite> <!-- SeleniumBasics.MouseAction -->
