<?xml version="1.0" encoding="UTF-8"?>
<!-- Generated by org.testng.reporters.JUnitReportReporter -->
<testsuite hostname="VG" failures="0" tests="1" name="SeleniumBasics.RadioButton" time="2.210" errors="0" timestamp="2024-01-19T17:55:57 IST" skipped="0">
  <testcase classname="SeleniumBasics.RadioButton" name="test" time="2.210"/>
  <system-out/>
</testsuite> <!-- SeleniumBasics.RadioButton -->
