<?xml version="1.0" encoding="UTF-8"?>
<!-- Generated by org.testng.reporters.JUnitReportReporter -->
<testsuite hostname="VG" failures="0" tests="1" name="SeleniumBasics.Excel_data_login" time="0.975" errors="0" timestamp="2024-01-19T17:12:05 IST" skipped="0">
  <testcase classname="SeleniumBasics.Excel_data_login" name="test" time="0.975"/>
  <system-out/>
</testsuite> <!-- SeleniumBasics.Excel_data_login -->
