<?xml version="1.0" encoding="UTF-8"?>
<!-- Generated by org.testng.reporters.JUnitReportReporter -->
<testsuite hostname="VG" failures="0" tests="1" name="SeleniumBasics.Frame1" time="0.172" errors="0" timestamp="2024-01-19T14:31:17 IST" skipped="0">
  <testcase classname="SeleniumBasics.Frame1" name="test" time="0.172"/>
  <system-out/>
</testsuite> <!-- SeleniumBasics.Frame1 -->
