<?xml version="1.0" encoding="UTF-8"?>
<!-- Generated by org.testng.reporters.JUnitReportReporter -->
<testsuite hostname="VG" failures="0" tests="1" name="SeleniumBasics.Checkbox_Adv_Many" time="3.083" errors="0" timestamp="2024-01-18T12:01:46 IST" skipped="0">
  <testcase classname="SeleniumBasics.Checkbox_Adv_Many" name="test" time="3.083"/>
  <system-out/>
</testsuite> <!-- SeleniumBasics.Checkbox_Adv_Many -->
